<?xml version="1.0" encoding="UTF-8"?>
<!-- Generated by org.testng.reporters.JUnitXMLReporter -->
<testsuite ignored="0" hostname="MTLP-1003" failures="0" tests="8" name="types" time="0.103" errors="0" timestamp="2024-03-15T09:41:39 IST">
  <testcase classname="vinaykumar.TypesofTests" name="test1" time="0.011"/>
  <testcase classname="vinaykumar.TypesofTests" name="test2" time="0.001"/>
  <testcase classname="vinaykumar.TypesofTests" name="test3" time="0.002"/>
  <testcase classname="vinaykumar.TypesofTests" name="test4" time="0.001"/>
  <testcase classname="vinaykumar.TypesofTests2" name="test5" time="0.002"/>
  <testcase classname="vinaykumar.TypesofTests2" name="test6" time="0.002"/>
  <testcase classname="vinaykumar.TypesofTests2" name="test7" time="0.004"/>
  <testcase classname="vinaykumar.TypesofTests2" name="test8" time="0.001"/>
</testsuite> <!-- types -->
