<?xml version="1.0" encoding="UTF-8"?>
<!-- Generated by org.testng.reporters.JUnitXMLReporter -->
<testsuite ignored="2" hostname="MTLP-1003" failures="0" tests="3" name="verifylogin" time="13.239" errors="0" timestamp="2024-03-14T16:57:45 IST">
  <testcase classname="vinaykumar.OrangeHrm" name="launchApp" time="5.297"/>
  <testcase classname="vinaykumar.OrangeHrm" name="enterLoginDetails" time="2.247"/>
  <testcase classname="vinaykumar.OrangeHrm" name="verifyLogin" time="0.018"/>
  <testcase classname="vinaykumar.OrangeHrm" name="verifyMyinfo" time="0.0">
    <ignored/>
  </testcase> <!-- verifyMyinfo -->
  <testcase classname="vinaykumar.OrangeHrm" name="navigateToMyInfo" time="0.0">
    <ignored/>
  </testcase> <!-- navigateToMyInfo -->
</testsuite> <!-- verifylogin -->
