<?xml version="1.0" encoding="UTF-8"?>
<!-- Generated by org.testng.reporters.JUnitXMLReporter -->
<testsuite ignored="2" hostname="MTLP-1003" failures="0" tests="1" name="Amazon" time="6.155" errors="0" timestamp="2024-03-18T15:09:55 IST">
  <testcase classname="hyr.Test1" name="testAmazon" time="3.074"/>
  <testcase classname="hyr.Test1" name="testGoogle" time="0.0">
    <ignored/>
  </testcase> <!-- testGoogle -->
  <testcase classname="hyr.Test1" name="testKeka" time="0.0">
    <ignored/>
  </testcase> <!-- testKeka -->
</testsuite> <!-- Amazon -->
