<?xml version="1.0" encoding="UTF-8"?>
<!-- Generated by org.testng.reporters.JUnitXMLReporter -->
<testsuite ignored="2" hostname="MTLP-1003" failures="0" tests="1" name="GoogleTest" time="6.707" errors="0" timestamp="2024-03-18T15:09:41 IST">
  <testcase classname="hyr.Test1" name="testGoogle" time="2.022"/>
  <testcase classname="hyr.Test1" name="testKeka" time="0.0">
    <ignored/>
  </testcase> <!-- testKeka -->
  <testcase classname="hyr.Test1" name="testAmazon" time="0.0">
    <ignored/>
  </testcase> <!-- testAmazon -->
</testsuite> <!-- GoogleTest -->
