<?xml version="1.0" encoding="UTF-8"?>
<!-- Generated by org.testng.reporters.JUnitXMLReporter -->
<testsuite ignored="2" hostname="MTLP-1003" failures="0" tests="1" name="KekaTest" time="7.977" errors="0" timestamp="2024-03-18T15:09:49 IST">
  <testcase classname="hyr.Test1" name="testKeka" time="4.882"/>
  <testcase classname="hyr.Test1" name="testGoogle" time="0.0">
    <ignored/>
  </testcase> <!-- testGoogle -->
  <testcase classname="hyr.Test1" name="testAmazon" time="0.0">
    <ignored/>
  </testcase> <!-- testAmazon -->
</testsuite> <!-- KekaTest -->
