<?xml version="1.0" encoding="UTF-8"?>
<testng-results ignored="0" total="2" passed="2" failed="0" skipped="0">
  <reporter-output>
  </reporter-output>
  <suite started-at="2024-03-22T14:25:28 IST" name="Default suite" finished-at="2024-03-22T14:25:46 IST" duration-ms="18690">
    <groups>
    </groups>
    <test started-at="2024-03-22T14:25:28 IST" name="Default test" finished-at="2024-03-22T14:25:46 IST" duration-ms="18690">
      <class name="vinaykumar.BrowserStack">
        <test-method is-config="true" signature="beforeMethod()[pri:0, instance:vinaykumar.BrowserStack@a1153bc]" started-at="2024-03-22T14:25:28 IST" name="beforeMethod" finished-at="2024-03-22T14:25:33 IST" duration-ms="4217" status="PASS">
          <reporter-output>
          </reporter-output>
        </test-method> <!-- beforeMethod -->
        <test-method signature="testLogin(java.lang.String,java.lang.String)[pri:0, instance:vinaykumar.BrowserStack@a1153bc]" started-at="2024-03-22T14:25:33 IST" name="testLogin" data-provider="dataa" finished-at="2024-03-22T14:25:37 IST" duration-ms="4645" status="PASS">
          <params>
            <param index="0">
              <value>
                <![CDATA[vinayreddymallela96529@gmail.com]]>
              </value>
            </param>
            <param index="1">
              <value>
                <![CDATA[Vnay@96529]]>
              </value>
            </param>
          </params>
          <reporter-output>
          </reporter-output>
        </test-method> <!-- testLogin -->
        <test-method is-config="true" signature="afterMethod()[pri:0, instance:vinaykumar.BrowserStack@a1153bc]" started-at="2024-03-22T14:25:37 IST" name="afterMethod" finished-at="2024-03-22T14:25:38 IST" duration-ms="493" status="PASS">
          <reporter-output>
          </reporter-output>
        </test-method> <!-- afterMethod -->
        <test-method is-config="true" signature="beforeMethod()[pri:0, instance:vinaykumar.BrowserStack@a1153bc]" started-at="2024-03-22T14:25:38 IST" name="beforeMethod" finished-at="2024-03-22T14:25:41 IST" duration-ms="3243" status="PASS">
          <reporter-output>
          </reporter-output>
        </test-method> <!-- beforeMethod -->
        <test-method signature="testLogin(java.lang.String,java.lang.String)[pri:0, instance:vinaykumar.BrowserStack@a1153bc]" started-at="2024-03-22T14:25:41 IST" name="testLogin" data-provider="dataa" finished-at="2024-03-22T14:25:46 IST" duration-ms="4594" status="PASS">
          <params>
            <param index="0">
              <value>
                <![CDATA[Vinayreddymallela96529@gmail.com]]>
              </value>
            </param>
            <param index="1">
              <value>
                <![CDATA[Vnay@12345]]>
              </value>
            </param>
          </params>
          <reporter-output>
          </reporter-output>
        </test-method> <!-- testLogin -->
        <test-method is-config="true" signature="afterMethod()[pri:0, instance:vinaykumar.BrowserStack@a1153bc]" started-at="2024-03-22T14:25:46 IST" name="afterMethod" finished-at="2024-03-22T14:25:46 IST" duration-ms="614" status="PASS">
          <reporter-output>
          </reporter-output>
        </test-method> <!-- afterMethod -->
      </class> <!-- vinaykumar.BrowserStack -->
    </test> <!-- Default test -->
  </suite> <!-- Default suite -->
</testng-results>
